# JRE version: OpenJDK Runtime Environment (21.0.3) (build 21.0.3+-12282718-b509.11)
# Java VM: OpenJDK 64-Bit Server VM (21.0.3+-12282718-b509.11, mixed mode, tiered, compressed oops, compressed class ptrs, g1 gc, windows-amd64)
GC Precious Log:
 CardTable entry size: 512
 Card Set container configuration: InlinePtr #cards 5 size 8 Array Of Cards #cards 12 size 40 Howl #buckets 4 coarsen threshold 1843 Howl Bitmap #cards 512 size 80 coarsen threshold 460 Card regions per heap region 1 cards per card region 2048
 CPUs: 8 total, 8 available
 Memory: 5877M
 Large Page Support: Disabled
 NUMA Support: Disabled
 Compressed Oops: Enabled (32-bit)
 Heap Region Size: 1M
 Heap Min Capacity: 8M
 Heap Initial Capacity: 92M
 Heap Max Capacity: 2G
 Pre-touch: Disabled
 Parallel Workers: 8
 Concurrent Workers: 2
 Concurrent Refinement Workers: 8
 Periodic GC: Disabled
Heap:
 garbage-first heap   total 349184K, used 256086K [0x0000000080000000, 0x0000000100000000)
  region size 1024K, 81 young (82944K), 1 survivors (1024K)
 Metaspace       used 162881K, committed 165248K, reserved 1245184K
  class space    used 22166K, committed 23360K, reserved 1048576K
GC Heap History (20 events):
Event: 660.601 GC heap before
{Heap before GC invocations=63 (full 0):
 garbage-first heap   total 271360K, used 231064K [0x0000000080000000, 0x0000000100000000)
  region size 1024K, 66 young (67584K), 5 survivors (5120K)
 Metaspace       used 127160K, committed 129408K, reserved 1179648K
  class space    used 17134K, committed 18240K, reserved 1048576K
}
Event: 660.612 GC heap after
{Heap after GC invocations=64 (full 0):
 garbage-first heap   total 271360K, used 173640K [0x0000000080000000, 0x0000000100000000)
  region size 1024K, 9 young (9216K), 9 survivors (9216K)
 Metaspace       used 127160K, committed 129408K, reserved 1179648K
  class space    used 17134K, committed 18240K, reserved 1048576K
}
Event: 676.534 GC heap before
{Heap before GC invocations=64 (full 0):
 garbage-first heap   total 271360K, used 236104K [0x0000000080000000, 0x0000000100000000)
  region size 1024K, 71 young (72704K), 9 survivors (9216K)
 Metaspace       used 131346K, committed 133632K, reserved 1179648K
  class space    used 17687K, committed 18816K, reserved 1048576K
}
Event: 676.583 GC heap after
{Heap after GC invocations=65 (full 0):
 garbage-first heap   total 271360K, used 177102K [0x0000000080000000, 0x0000000100000000)
  region size 1024K, 5 young (5120K), 5 survivors (5120K)
 Metaspace       used 131346K, committed 133632K, reserved 1179648K
  class space    used 17687K, committed 18816K, reserved 1048576K
}
Event: 678.350 GC heap before
{Heap before GC invocations=66 (full 0):
 garbage-first heap   total 314368K, used 238542K [0x0000000080000000, 0x0000000100000000)
  region size 1024K, 67 young (68608K), 5 survivors (5120K)
 Metaspace       used 138830K, committed 141248K, reserved 1179648K
  class space    used 18657K, committed 19904K, reserved 1048576K
}
Event: 678.380 GC heap after
{Heap after GC invocations=67 (full 0):
 garbage-first heap   total 314368K, used 185330K [0x0000000080000000, 0x0000000100000000)
  region size 1024K, 9 young (9216K), 9 survivors (9216K)
 Metaspace       used 138830K, committed 141248K, reserved 1179648K
  class space    used 18657K, committed 19904K, reserved 1048576K
}
Event: 680.766 GC heap before
{Heap before GC invocations=67 (full 0):
 garbage-first heap   total 314368K, used 270322K [0x0000000080000000, 0x0000000100000000)
  region size 1024K, 93 young (95232K), 9 survivors (9216K)
 Metaspace       used 146954K, committed 149312K, reserved 1179648K
  class space    used 19799K, committed 20992K, reserved 1048576K
}
Event: 680.819 GC heap after
{Heap after GC invocations=68 (full 0):
 garbage-first heap   total 314368K, used 162869K [0x0000000080000000, 0x0000000100000000)
  region size 1024K, 8 young (8192K), 8 survivors (8192K)
 Metaspace       used 146954K, committed 149312K, reserved 1179648K
  class space    used 19799K, committed 20992K, reserved 1048576K
}
Event: 682.857 GC heap before
{Heap before GC invocations=68 (full 0):
 garbage-first heap   total 314368K, used 252981K [0x0000000080000000, 0x0000000100000000)
  region size 1024K, 98 young (100352K), 8 survivors (8192K)
 Metaspace       used 157989K, committed 160448K, reserved 1245184K
  class space    used 21631K, committed 22848K, reserved 1048576K
}
Event: 682.885 GC heap after
{Heap after GC invocations=69 (full 0):
 garbage-first heap   total 314368K, used 163572K [0x0000000080000000, 0x0000000100000000)
  region size 1024K, 9 young (9216K), 9 survivors (9216K)
 Metaspace       used 157989K, committed 160448K, reserved 1245184K
  class space    used 21631K, committed 22848K, reserved 1048576K
}
Event: 935.896 GC heap before
{Heap before GC invocations=70 (full 0):
 garbage-first heap   total 314368K, used 292596K [0x0000000080000000, 0x0000000100000000)
  region size 1024K, 124 young (126976K), 9 survivors (9216K)
 Metaspace       used 158320K, committed 160704K, reserved 1245184K
  class space    used 21648K, committed 22848K, reserved 1048576K
}
Event: 936.038 GC heap after
{Heap after GC invocations=71 (full 0):
 garbage-first heap   total 314368K, used 172870K [0x0000000080000000, 0x0000000100000000)
  region size 1024K, 16 young (16384K), 16 survivors (16384K)
 Metaspace       used 158320K, committed 160704K, reserved 1245184K
  class space    used 21648K, committed 22848K, reserved 1048576K
}
Event: 1339.415 GC heap before
{Heap before GC invocations=71 (full 0):
 garbage-first heap   total 314368K, used 313158K [0x0000000080000000, 0x0000000100000000)
  region size 1024K, 118 young (120832K), 16 survivors (16384K)
 Metaspace       used 158521K, committed 160960K, reserved 1245184K
  class space    used 21653K, committed 22848K, reserved 1048576K
}
Event: 1339.612 GC heap after
{Heap after GC invocations=72 (full 0):
 garbage-first heap   total 349184K, used 169474K [0x0000000080000000, 0x0000000100000000)
  region size 1024K, 9 young (9216K), 9 survivors (9216K)
 Metaspace       used 158521K, committed 160960K, reserved 1245184K
  class space    used 21653K, committed 22848K, reserved 1048576K
}
Event: 1398.413 GC heap before
{Heap before GC invocations=72 (full 0):
 garbage-first heap   total 349184K, used 271874K [0x0000000080000000, 0x0000000100000000)
  region size 1024K, 111 young (113664K), 9 survivors (9216K)
 Metaspace       used 159146K, committed 161600K, reserved 1245184K
  class space    used 21653K, committed 22912K, reserved 1048576K
}
Event: 1399.454 GC heap after
{Heap after GC invocations=73 (full 0):
 garbage-first heap   total 349184K, used 175852K [0x0000000080000000, 0x0000000100000000)
  region size 1024K, 16 young (16384K), 16 survivors (16384K)
 Metaspace       used 159146K, committed 161600K, reserved 1245184K
  class space    used 21653K, committed 22912K, reserved 1048576K
}
Event: 1400.307 GC heap before
{Heap before GC invocations=73 (full 0):
 garbage-first heap   total 349184K, used 189164K [0x0000000080000000, 0x0000000100000000)
  region size 1024K, 17 young (17408K), 16 survivors (16384K)
 Metaspace       used 159146K, committed 161600K, reserved 1245184K
  class space    used 21653K, committed 22912K, reserved 1048576K
}
Event: 1400.409 GC heap after
{Heap after GC invocations=74 (full 0):
 garbage-first heap   total 349184K, used 181705K [0x0000000080000000, 0x0000000100000000)
  region size 1024K, 2 young (2048K), 2 survivors (2048K)
 Metaspace       used 159146K, committed 161600K, reserved 1245184K
  class space    used 21653K, committed 22912K, reserved 1048576K
}
Event: 1632.505 GC heap before
{Heap before GC invocations=75 (full 0):
 garbage-first heap   total 349184K, used 196041K [0x0000000080000000, 0x0000000100000000)
  region size 1024K, 17 young (17408K), 2 survivors (2048K)
 Metaspace       used 158867K, committed 161408K, reserved 1245184K
  class space    used 21623K, committed 22912K, reserved 1048576K
}
Event: 1632.588 GC heap after
{Heap after GC invocations=76 (full 0):
 garbage-first heap   total 349184K, used 176214K [0x0000000080000000, 0x0000000100000000)
  region size 1024K, 1 young (1024K), 1 survivors (1024K)
 Metaspace       used 158867K, committed 161408K, reserved 1245184K
  class space    used 21623K, committed 22912K, reserved 1048576K
}

